<?xml version="1.0" encoding="UTF-8"?>
<!-- Generated by org.testng.reporters.JUnitXMLReporter -->
<testsuite ignored="3" hostname="LAPTOP-RP6REIN2" failures="0" tests="1" name="Default test" time="44.919" errors="0" timestamp="2020-12-21T13:00:14 GMT">
  <testcase classname="hybridFramework.davies" name="location" time="14.57"/>
  <testcase classname="hybridFramework.davies" name="openLinkedn" time="0.0">
    <ignored/>
  </testcase> <!-- openLinkedn -->
  <testcase classname="hybridFramework.davies" name="Investigation" time="0.0">
    <ignored/>
  </testcase> <!-- Investigation -->
  <testcase classname="hybridFramework.davies" name="openTwitterLink" time="0.0">
    <ignored/>
  </testcase> <!-- openTwitterLink -->
</testsuite> <!-- Default test -->
