<?xml version="1.0" encoding="UTF-8"?>
<testng-results ignored="3" total="4" passed="1" failed="0" skipped="0">
  <reporter-output>
  </reporter-output>
  <suite started-at="2020-12-21T12:59:29 GMT" name="Default suite" finished-at="2020-12-21T13:00:14 GMT" duration-ms="44919">
    <groups>
    </groups>
    <test started-at="2020-12-21T12:59:29 GMT" name="Default test" finished-at="2020-12-21T13:00:14 GMT" duration-ms="44919">
      <class name="hybridFramework.davies">
        <test-method is-config="true" signature="setUp()[pri:0, instance:hybridFramework.davies@2cdd0d4b]" started-at="2020-12-21T12:59:29 GMT" name="setUp" finished-at="2020-12-21T12:59:59 GMT" duration-ms="30236" status="PASS">
          <reporter-output>
          </reporter-output>
        </test-method> <!-- setUp -->
        <test-method signature="location()[pri:4, instance:hybridFramework.davies@2cdd0d4b]" started-at="2020-12-21T12:59:59 GMT" name="location" finished-at="2020-12-21T13:00:14 GMT" duration-ms="14570" status="PASS">
          <reporter-output>
          </reporter-output>
        </test-method> <!-- location -->
        <test-method is-config="true" signature="tearDown()[pri:0, instance:hybridFramework.davies@2cdd0d4b]" started-at="2020-12-21T13:00:14 GMT" name="tearDown" finished-at="2020-12-21T13:00:14 GMT" duration-ms="0" status="PASS">
          <reporter-output>
          </reporter-output>
        </test-method> <!-- tearDown -->
      </class> <!-- hybridFramework.davies -->
    </test> <!-- Default test -->
  </suite> <!-- Default suite -->
</testng-results>
